<?xml version="1.0" encoding="UTF-8"?>
<testsuite xmlns:xsi="http://www.w3.org/2001/XMLSchema-instance" xsi:noNamespaceSchemaLocation="https://maven.apache.org/surefire/maven-surefire-plugin/xsd/surefire-test-report-3.0.xsd" version="3.0" name="com.example.codesensei.CodesenseiBackendApplicationTests" time="29.269" tests="1" errors="0" skipped="0" failures="0">
  <properties>
[...]
</properties>
  <testcase name="contextLoads" classname="com.example.codesensei.CodesenseiBackendApplicationTests" time="1.643">
    <system-out><![CDATA[14:09:46.554 [main] INFO org.springframework.test.context.support.AnnotationConfigContextLoaderUtils -- Could not detect default configuration classes for test class [com.example.codesensei.CodesenseiBackendApplicationTests]: CodesenseiBackendApplicationTests does not declare any static, non-private, non-final, nested classes annotated with @Configuration.
14:09:46.891 [main] INFO org.springframework.boot.test.context.SpringBootTestContextBootstrapper -- Found @SpringBootConfiguration com.example.codesensei.CodesenseiBackendApplication for test class com.example.codesensei.CodesenseiBackendApplicationTests

  .   ____          _            __ _ _
 /\\ / ___'_ __ _ _(_)_ __  __ _ \ \ \ \
( ( )\___ | '_ | '_| | '_ \/ _` | \ \ \ \
 \\/  ___)| |_)| | | | | || (_| |  ) ) ) )
  '  |____| .__|_| |_|_| |_\__, | / / / /
 =========|_|==============|___/=/_/_/_/
 :: Spring Boot ::                (v3.2.5)

2026-05-24T14:09:48.380+05:30  INFO 14052 --- [           main] c.e.c.CodesenseiBackendApplicationTests  : Starting CodesenseiBackendApplicationTests using Java 17.0.12 with PID 14052 (started by intal2024 in C:\Users\intal2024\codesensei-backend-template\codesensei-backend-template)
2026-05-24T14:09:48.387+05:30  INFO 14052 --- [           main] c.e.c.CodesenseiBackendApplicationTests  : No active profile set, falling back to 1 default profile: "default"
2026-05-24T14:09:51.477+05:30  INFO 14052 --- [           main] .s.d.r.c.RepositoryConfigurationDelegate : Bootstrapping Spring Data JPA repositories in DEFAULT mode.
2026-05-24T14:09:57.160+05:30  INFO 14052 --- [           main] .s.d.r.c.RepositoryConfigurationDelegate : Finished Spring Data repository scanning in 5619 ms. Found 2 JPA repository interfaces.
2026-05-24T14:10:04.041+05:30  INFO 14052 --- [           main] o.hibernate.jpa.internal.util.LogHelper  : HHH000204: Processing PersistenceUnitInfo [name: default]
2026-05-24T14:10:04.298+05:30  INFO 14052 --- [           main] org.hibernate.Version                    : HHH000412: Hibernate ORM core version 6.4.4.Final
2026-05-24T14:10:04.444+05:30  INFO 14052 --- [           main] o.h.c.internal.RegionFactoryInitiator    : HHH000026: Second-level cache disabled
2026-05-24T14:10:05.352+05:30  INFO 14052 --- [           main] o.s.o.j.p.SpringPersistenceUnitInfo      : No LoadTimeWeaver setup: ignoring JPA class transformer
2026-05-24T14:10:05.467+05:30  INFO 14052 --- [           main] com.zaxxer.hikari.HikariDataSource       : HikariPool-1 - Starting...
2026-05-24T14:10:06.113+05:30  INFO 14052 --- [           main] com.zaxxer.hikari.pool.HikariPool        : HikariPool-1 - Added connection org.postgresql.jdbc.PgConnection@29fcfc54
2026-05-24T14:10:06.115+05:30  INFO 14052 --- [           main] com.zaxxer.hikari.HikariDataSource       : HikariPool-1 - Start completed.
2026-05-24T14:10:09.139+05:30  INFO 14052 --- [           main] o.h.e.t.j.p.i.JtaPlatformInitiator       : HHH000489: No JTA platform available (set 'hibernate.transaction.jta.platform' to enable JTA platform integration)
2026-05-24T14:10:09.373+05:30  INFO 14052 --- [           main] j.LocalContainerEntityManagerFactoryBean : Initialized JPA EntityManagerFactory for persistence unit 'default'
2026-05-24T14:10:11.134+05:30  WARN 14052 --- [           main] JpaBaseConfiguration$JpaWebConfiguration : spring.jpa.open-in-view is enabled by default. Therefore, database queries may be performed during view rendering. Explicitly configure spring.jpa.open-in-view to disable this warning
2026-05-24T14:10:12.140+05:30  INFO 14052 --- [           main] o.s.s.web.DefaultSecurityFilterChain     : Will secure any request with [org.springframework.security.web.session.DisableEncodeUrlFilter@597eb9ac, org.springframework.security.web.context.request.async.WebAsyncManagerIntegrationFilter@65c66fc4, org.springframework.security.web.context.SecurityContextHolderFilter@37a0c3c6, org.springframework.security.web.header.HeaderWriterFilter@383a5260, org.springframework.web.filter.CorsFilter@7a90f33d, org.springframework.security.web.authentication.logout.LogoutFilter@110f66e3, org.springframework.security.web.savedrequest.RequestCacheAwareFilter@219ec4b6, org.springframework.security.web.servletapi.SecurityContextHolderAwareRequestFilter@cdc09d, org.springframework.security.web.authentication.AnonymousAuthenticationFilter@7c7b27c, org.springframework.security.web.access.ExceptionTranslationFilter@4ed74d03, org.springframework.security.web.access.intercept.AuthorizationFilter@7d48299e]
2026-05-24T14:10:13.452+05:30  INFO 14052 --- [           main] c.e.c.CodesenseiBackendApplicationTests  : Started CodesenseiBackendApplicationTests in 26.016 seconds (process running for 29.003)
]]></system-out>
  </testcase>
</testsuite>